<?xml version="1.0" encoding="UTF-8"?>
<!-- Generated by org.testng.reporters.JUnitXMLReporter -->
<testsuite hostname="DESKTOP-9J8B953" ignored="0" name="Default test" tests="3" failures="0" timestamp="03 May 2020 03:33:23 GMT" time="46.832" errors="0">
  <testcase name="loginTofacebook" time="11.843" classname="com.testcases.parametizewithdataproviderFB"/>
  <testcase name="loginTofacebook" time="11.717" classname="com.testcases.parametizewithdataproviderFB"/>
  <testcase name="loginTofacebook" time="11.038" classname="com.testcases.parametizewithdataproviderFB"/>
</testsuite> <!-- Default test -->
