<?xml version="1.0" encoding="UTF-8"?>
<testng-results skipped="0" failed="0" ignored="0" total="3" passed="3">
  <reporter-output>
  </reporter-output>
  <suite name="Default suite" duration-ms="46832" started-at="2020-05-03T03:32:36Z" finished-at="2020-05-03T03:33:23Z">
    <groups>
    </groups>
    <test name="Default test" duration-ms="46832" started-at="2020-05-03T03:32:36Z" finished-at="2020-05-03T03:33:23Z">
      <class name="com.testcases.parametizewithdataproviderFB">
        <test-method status="PASS" signature="loginTofacebook(java.lang.String, java.lang.String)[pri:0, instance:com.testcases.parametizewithdataproviderFB@26653222]" name="loginTofacebook" duration-ms="11843" started-at="2020-05-03T03:32:37Z" data-provider="facebooklogin" finished-at="2020-05-03T03:32:49Z">
          <params>
            <param index="0">
              <value>
                <![CDATA[vany]]>
              </value>
            </param>
            <param index="1">
              <value>
                <![CDATA[demo1]]>
              </value>
            </param>
          </params>
          <reporter-output>
          </reporter-output>
        </test-method> <!-- loginTofacebook -->
        <test-method status="PASS" signature="closeapp()[pri:0, instance:com.testcases.parametizewithdataproviderFB@26653222]" name="closeapp" is-config="true" duration-ms="3727" started-at="2020-05-03T03:32:49Z" finished-at="2020-05-03T03:32:53Z">
          <reporter-output>
          </reporter-output>
        </test-method> <!-- closeapp -->
        <test-method status="PASS" signature="loginTofacebook(java.lang.String, java.lang.String)[pri:0, instance:com.testcases.parametizewithdataproviderFB@26653222]" name="loginTofacebook" duration-ms="11717" started-at="2020-05-03T03:32:53Z" data-provider="facebooklogin" finished-at="2020-05-03T03:33:05Z">
          <params>
            <param index="0">
              <value>
                <![CDATA[joshi]]>
              </value>
            </param>
            <param index="1">
              <value>
                <![CDATA[demo123]]>
              </value>
            </param>
          </params>
          <reporter-output>
          </reporter-output>
        </test-method> <!-- loginTofacebook -->
        <test-method status="PASS" signature="closeapp()[pri:0, instance:com.testcases.parametizewithdataproviderFB@26653222]" name="closeapp" is-config="true" duration-ms="3746" started-at="2020-05-03T03:33:05Z" finished-at="2020-05-03T03:33:09Z">
          <reporter-output>
          </reporter-output>
        </test-method> <!-- closeapp -->
        <test-method status="PASS" signature="loginTofacebook(java.lang.String, java.lang.String)[pri:0, instance:com.testcases.parametizewithdataproviderFB@26653222]" name="loginTofacebook" duration-ms="11038" started-at="2020-05-03T03:33:09Z" data-provider="facebooklogin" finished-at="2020-05-03T03:33:20Z">
          <params>
            <param index="0">
              <value>
                <![CDATA[sathya]]>
              </value>
            </param>
            <param index="1">
              <value>
                <![CDATA[demo1234]]>
              </value>
            </param>
          </params>
          <reporter-output>
          </reporter-output>
        </test-method> <!-- loginTofacebook -->
        <test-method status="PASS" signature="closeapp()[pri:0, instance:com.testcases.parametizewithdataproviderFB@26653222]" name="closeapp" is-config="true" duration-ms="3710" started-at="2020-05-03T03:33:20Z" finished-at="2020-05-03T03:33:23Z">
          <reporter-output>
          </reporter-output>
        </test-method> <!-- closeapp -->
      </class> <!-- com.testcases.parametizewithdataproviderFB -->
    </test> <!-- Default test -->
  </suite> <!-- Default suite -->
</testng-results>
