<?xml version="1.0" encoding="UTF-8"?>
<!-- Generated by org.testng.reporters.JUnitXMLReporter -->
<testsuite hostname="DESKTOP-9J8B953" ignored="0" name="Test" tests="6" failures="0" timestamp="02 May 2020 19:57:40 GMT" time="0.036" errors="0">
  <testcase name="testcase1" time="0.008" classname="com.testng.Parallelexecutiontest"/>
  <testcase name="testcase2" time="0.001" classname="com.testng.Parallelexecutiontest"/>
  <testcase name="testcase3" time="0.001" classname="com.testng.Parallelexecutiontest"/>
  <testcase name="testcase4" time="0.001" classname="com.testng.parallelexecutiontest1"/>
  <testcase name="testcase5" time="0.001" classname="com.testng.parallelexecutiontest1"/>
  <testcase name="testcase6" time="0.001" classname="com.testng.parallelexecutiontest1"/>
</testsuite> <!-- Test -->
